<?xml version="1.0" encoding="UTF-8"?>
<coverage generated="1586460132988" clover="3.2.0">
  <project timestamp="1586460132988" name="All files">
    <metrics statements="2" coveredstatements="2" conditionals="0" coveredconditionals="0" methods="1" coveredmethods="1" elements="3" coveredelements="3" complexity="0" loc="2" ncloc="2" packages="1" files="2" classes="2"/>
    <file name="App.tsx" path="/Users/daibergonzalezmatinez/dev/react-native/CrediBankExpress/App.tsx">
      <metrics statements="2" coveredstatements="2" conditionals="0" coveredconditionals="0" methods="1" coveredmethods="1"/>
      <line num="22" count="1" type="stmt"/>
      <line num="23" count="1" type="stmt"/>
    </file>
    <file name="styles.ts" path="/Users/daibergonzalezmatinez/dev/react-native/CrediBankExpress/styles.ts">
      <metrics statements="0" coveredstatements="0" conditionals="0" coveredconditionals="0" methods="0" coveredmethods="0"/>
    </file>
  </project>
</coverage>
