{"/Users/daibergonzalezmatinez/dev/react-native/CrediBankExpress/App.tsx": {"path":"/Users/daibergonzalezmatinez/dev/react-native/CrediBankExpress/App.tsx","statementMap":{"0":{"start":{"line":22,"column":12},"end":{"line":63,"column":1}},"1":{"start":{"line":23,"column":2},"end":{"line":62,"column":4}}},"fnMap":{"0":{"name":"(anonymous_0)","decl":{"start":{"line":22,"column":12},"end":{"line":22,"column":13}},"loc":{"start":{"line":22,"column":18},"end":{"line":63,"column":1}},"line":22}},"branchMap":{},"s":{"0":1,"1":1},"f":{"0":1},"b":{},"_coverageSchema":"43e27e138ebf9cfc5966b082cf9a028302ed4184","hash":"0d55ecc1716219d883d5cfd65fdc1eae40dda7f1"}
,"/Users/daibergonzalezmatinez/dev/react-native/CrediBankExpress/styles.ts": {"path":"/Users/daibergonzalezmatinez/dev/react-native/CrediBankExpress/styles.ts","statementMap":{},"fnMap":{},"branchMap":{},"s":{},"f":{},"b":{},"_coverageSchema":"43e27e138ebf9cfc5966b082cf9a028302ed4184","hash":"813419c8f9244c5a4ed15a86373f44365a366403"}
}
